  [1m[36mActiveRecord::SchemaMigration Load (6.8ms)[0m  [1mSELECT "schema_migrations".* FROM "schema_migrations"[0m
Migrating to CreateRestaurants (20160822165340)
  [1m[35m (0.1ms)[0m  BEGIN
  [1m[36m (26.2ms)[0m  [1mCREATE TABLE "restaurants" ("id" serial primary key, "name" character varying, "rating" integer, "created_at" timestamp NOT NULL, "updated_at" timestamp NOT NULL) [0m
  [1m[35m (0.1ms)[0m  ROLLBACK
  [1m[36m (124.0ms)[0m  [1mDROP DATABASE IF EXISTS "yelp_clone_development"[0m
  [1m[35m (119.3ms)[0m  DROP DATABASE IF EXISTS "yelp_clone_test"
  [1m[36m (364.4ms)[0m  [1mCREATE DATABASE "yelp_clone_development" ENCODING = 'unicode'[0m
  [1m[35m (248.3ms)[0m  CREATE DATABASE "yelp_clone_test" ENCODING = 'unicode'
  [1m[36mSQL (0.3ms)[0m  [1mCREATE EXTENSION IF NOT EXISTS "plpgsql"[0m
  [1m[35m (23.8ms)[0m  CREATE TABLE "restaurants" ("id" serial primary key, "name" character varying, "rating" integer, "created_at" timestamp NOT NULL, "updated_at" timestamp NOT NULL, "description" text) 
  [1m[36m (3.1ms)[0m  [1mCREATE TABLE "reviews" ("id" serial primary key, "thoughts" text, "rating" integer, "created_at" timestamp NOT NULL, "updated_at" timestamp NOT NULL, "restaurant_id" integer) [0m
  [1m[35m (3.2ms)[0m  CREATE  INDEX  "index_reviews_on_restaurant_id" ON "reviews" USING btree ("restaurant_id")
  [1m[36m (2.4ms)[0m  [1mALTER TABLE "reviews" ADD CONSTRAINT "fk_rails_8173017a90"
FOREIGN KEY ("restaurant_id")
  REFERENCES "restaurants" ("id")
[0m
  [1m[35m (33.8ms)[0m  CREATE TABLE "schema_migrations" ("version" character varying NOT NULL) 
  [1m[36m (2.3ms)[0m  [1mCREATE UNIQUE INDEX  "unique_schema_migrations" ON "schema_migrations"  ("version")[0m
  [1m[35m (0.8ms)[0m  SELECT version FROM "schema_migrations"
  [1m[36m (0.6ms)[0m  [1mINSERT INTO "schema_migrations" (version) VALUES ('20160823162625')[0m
  [1m[35m (0.3ms)[0m  INSERT INTO "schema_migrations" (version) VALUES ('20160822165340')
  [1m[36m (0.4ms)[0m  [1mINSERT INTO "schema_migrations" (version) VALUES ('20160823113446')[0m
  [1m[35m (0.3ms)[0m  INSERT INTO "schema_migrations" (version) VALUES ('20160823150953')
  [1m[36mSQL (0.6ms)[0m  [1mCREATE EXTENSION IF NOT EXISTS "plpgsql"[0m
  [1m[35m (7.1ms)[0m  CREATE TABLE "restaurants" ("id" serial primary key, "name" character varying, "rating" integer, "created_at" timestamp NOT NULL, "updated_at" timestamp NOT NULL, "description" text) 
  [1m[36m (4.9ms)[0m  [1mCREATE TABLE "reviews" ("id" serial primary key, "thoughts" text, "rating" integer, "created_at" timestamp NOT NULL, "updated_at" timestamp NOT NULL, "restaurant_id" integer) [0m
  [1m[35m (0.9ms)[0m  CREATE  INDEX  "index_reviews_on_restaurant_id" ON "reviews" USING btree ("restaurant_id")
  [1m[36m (4.3ms)[0m  [1mALTER TABLE "reviews" ADD CONSTRAINT "fk_rails_8173017a90"
FOREIGN KEY ("restaurant_id")
  REFERENCES "restaurants" ("id")
[0m
  [1m[35m (3.2ms)[0m  CREATE TABLE "schema_migrations" ("version" character varying NOT NULL) 
  [1m[36m (1.3ms)[0m  [1mCREATE UNIQUE INDEX  "unique_schema_migrations" ON "schema_migrations"  ("version")[0m
  [1m[35m (0.4ms)[0m  SELECT version FROM "schema_migrations"
  [1m[36m (0.5ms)[0m  [1mINSERT INTO "schema_migrations" (version) VALUES ('20160823162625')[0m
  [1m[35m (0.3ms)[0m  INSERT INTO "schema_migrations" (version) VALUES ('20160822165340')
  [1m[36m (0.3ms)[0m  [1mINSERT INTO "schema_migrations" (version) VALUES ('20160823113446')[0m
  [1m[35m (0.3ms)[0m  INSERT INTO "schema_migrations" (version) VALUES ('20160823150953')
  [1m[36mActiveRecord::SchemaMigration Load (0.4ms)[0m  [1mSELECT "schema_migrations".* FROM "schema_migrations"[0m
  [1m[36mActiveRecord::SchemaMigration Load (0.3ms)[0m  [1mSELECT "schema_migrations".* FROM "schema_migrations"[0m
Migrating to DeviseCreateUsers (20160824105150)
  [1m[35m (0.1ms)[0m  BEGIN
  [1m[36m (27.3ms)[0m  [1mCREATE TABLE "users" ("id" serial primary key, "email" character varying DEFAULT '' NOT NULL, "encrypted_password" character varying DEFAULT '' NOT NULL, "reset_password_token" character varying, "reset_password_sent_at" timestamp, "remember_created_at" timestamp, "sign_in_count" integer DEFAULT 0 NOT NULL, "current_sign_in_at" timestamp, "last_sign_in_at" timestamp, "current_sign_in_ip" inet, "last_sign_in_ip" inet, "created_at" timestamp NOT NULL, "updated_at" timestamp NOT NULL) [0m
  [1m[35m (1.3ms)[0m  CREATE UNIQUE INDEX  "index_users_on_email" ON "users"  ("email")
  [1m[36m (1.8ms)[0m  [1mCREATE UNIQUE INDEX  "index_users_on_reset_password_token" ON "users"  ("reset_password_token")[0m
  [1m[35mSQL (0.2ms)[0m  INSERT INTO "schema_migrations" ("version") VALUES ($1)  [["version", "20160824105150"]]
  [1m[36m (6.0ms)[0m  [1mCOMMIT[0m
  [1m[35mActiveRecord::SchemaMigration Load (0.3ms)[0m  SELECT "schema_migrations".* FROM "schema_migrations"
  [1m[36m (2.3ms)[0m  [1mSELECT t2.oid::regclass::text AS to_table, a1.attname AS column, a2.attname AS primary_key, c.conname AS name, c.confupdtype AS on_update, c.confdeltype AS on_delete
FROM pg_constraint c
JOIN pg_class t1 ON c.conrelid = t1.oid
JOIN pg_class t2 ON c.confrelid = t2.oid
JOIN pg_attribute a1 ON a1.attnum = c.conkey[1] AND a1.attrelid = t1.oid
JOIN pg_attribute a2 ON a2.attnum = c.confkey[1] AND a2.attrelid = t2.oid
JOIN pg_namespace t3 ON c.connamespace = t3.oid
WHERE c.contype = 'f'
  AND t1.relname = 'restaurants'
  AND t3.nspname = ANY (current_schemas(false))
ORDER BY c.conname
[0m
  [1m[35m (2.0ms)[0m  SELECT t2.oid::regclass::text AS to_table, a1.attname AS column, a2.attname AS primary_key, c.conname AS name, c.confupdtype AS on_update, c.confdeltype AS on_delete
FROM pg_constraint c
JOIN pg_class t1 ON c.conrelid = t1.oid
JOIN pg_class t2 ON c.confrelid = t2.oid
JOIN pg_attribute a1 ON a1.attnum = c.conkey[1] AND a1.attrelid = t1.oid
JOIN pg_attribute a2 ON a2.attnum = c.confkey[1] AND a2.attrelid = t2.oid
JOIN pg_namespace t3 ON c.connamespace = t3.oid
WHERE c.contype = 'f'
  AND t1.relname = 'reviews'
  AND t3.nspname = ANY (current_schemas(false))
ORDER BY c.conname

  [1m[36m (1.6ms)[0m  [1mSELECT t2.oid::regclass::text AS to_table, a1.attname AS column, a2.attname AS primary_key, c.conname AS name, c.confupdtype AS on_update, c.confdeltype AS on_delete
FROM pg_constraint c
JOIN pg_class t1 ON c.conrelid = t1.oid
JOIN pg_class t2 ON c.confrelid = t2.oid
JOIN pg_attribute a1 ON a1.attnum = c.conkey[1] AND a1.attrelid = t1.oid
JOIN pg_attribute a2 ON a2.attnum = c.confkey[1] AND a2.attrelid = t2.oid
JOIN pg_namespace t3 ON c.connamespace = t3.oid
WHERE c.contype = 'f'
  AND t1.relname = 'users'
  AND t3.nspname = ANY (current_schemas(false))
ORDER BY c.conname
[0m
  [1m[36mActiveRecord::SchemaMigration Load (0.6ms)[0m  [1mSELECT "schema_migrations".* FROM "schema_migrations"[0m
  [1m[35mActiveRecord::SchemaMigration Load (0.2ms)[0m  SELECT "schema_migrations".* FROM "schema_migrations"
  [1m[36m (2.1ms)[0m  [1mSELECT t2.oid::regclass::text AS to_table, a1.attname AS column, a2.attname AS primary_key, c.conname AS name, c.confupdtype AS on_update, c.confdeltype AS on_delete
FROM pg_constraint c
JOIN pg_class t1 ON c.conrelid = t1.oid
JOIN pg_class t2 ON c.confrelid = t2.oid
JOIN pg_attribute a1 ON a1.attnum = c.conkey[1] AND a1.attrelid = t1.oid
JOIN pg_attribute a2 ON a2.attnum = c.confkey[1] AND a2.attrelid = t2.oid
JOIN pg_namespace t3 ON c.connamespace = t3.oid
WHERE c.contype = 'f'
  AND t1.relname = 'restaurants'
  AND t3.nspname = ANY (current_schemas(false))
ORDER BY c.conname
[0m
  [1m[35m (1.7ms)[0m  SELECT t2.oid::regclass::text AS to_table, a1.attname AS column, a2.attname AS primary_key, c.conname AS name, c.confupdtype AS on_update, c.confdeltype AS on_delete
FROM pg_constraint c
JOIN pg_class t1 ON c.conrelid = t1.oid
JOIN pg_class t2 ON c.confrelid = t2.oid
JOIN pg_attribute a1 ON a1.attnum = c.conkey[1] AND a1.attrelid = t1.oid
JOIN pg_attribute a2 ON a2.attnum = c.confkey[1] AND a2.attrelid = t2.oid
JOIN pg_namespace t3 ON c.connamespace = t3.oid
WHERE c.contype = 'f'
  AND t1.relname = 'reviews'
  AND t3.nspname = ANY (current_schemas(false))
ORDER BY c.conname

  [1m[36m (1.7ms)[0m  [1mSELECT t2.oid::regclass::text AS to_table, a1.attname AS column, a2.attname AS primary_key, c.conname AS name, c.confupdtype AS on_update, c.confdeltype AS on_delete
FROM pg_constraint c
JOIN pg_class t1 ON c.conrelid = t1.oid
JOIN pg_class t2 ON c.confrelid = t2.oid
JOIN pg_attribute a1 ON a1.attnum = c.conkey[1] AND a1.attrelid = t1.oid
JOIN pg_attribute a2 ON a2.attnum = c.confkey[1] AND a2.attrelid = t2.oid
JOIN pg_namespace t3 ON c.connamespace = t3.oid
WHERE c.contype = 'f'
  AND t1.relname = 'users'
  AND t3.nspname = ANY (current_schemas(false))
ORDER BY c.conname
[0m


Started GET "/" for ::1 at 2016-08-24 13:01:40 +0200
  [1m[36mActiveRecord::SchemaMigration Load (0.4ms)[0m  [1mSELECT "schema_migrations".* FROM "schema_migrations"[0m
Processing by RestaurantsController#index as HTML
  [1m[35m (0.3ms)[0m  SELECT COUNT(*) FROM "restaurants"
  Rendered restaurants/index.html.erb within layouts/application (5.1ms)
Completed 200 OK in 516ms (Views: 501.6ms | ActiveRecord: 1.1ms)


Started GET "/assets/reviews.self-e3b0c44298fc1c149afbf4c8996fb92427ae41e4649b934ca495991b7852b855.css?body=1" for ::1 at 2016-08-24 13:01:41 +0200


Started GET "/assets/restaurants.self-a37fd5e74929d3205d24de1528aec96a058ed20b57f12e99e3db7ccd7c378997.css?body=1" for ::1 at 2016-08-24 13:01:41 +0200


Started GET "/assets/jquery_ujs.self-784a997f6726036b1993eb2217c9cb558e1cbb801c6da88105588c56f13b466a.js?body=1" for ::1 at 2016-08-24 13:01:41 +0200


Started GET "/assets/application.self-e80e8f2318043e8af94dddc2adad5a4f09739a8ebb323b3ab31cd71d45fd9113.css?body=1" for ::1 at 2016-08-24 13:01:41 +0200


Started GET "/assets/jquery.self-bd7ddd393353a8d2480a622e80342adf488fb6006d667e8b42e4c0073393abee.js?body=1" for ::1 at 2016-08-24 13:01:41 +0200


Started GET "/assets/turbolinks.self-c5acd7a204f5f25ce7a1d8a0e4d92e28d34c9e2df2c7371cd7af88e147e4ad82.js?body=1" for ::1 at 2016-08-24 13:01:41 +0200


Started GET "/assets/restaurants.self-877aef30ae1b040ab8a3aba4e3e309a11d7f2612f44dde450b5c157aa5f95c05.js?body=1" for ::1 at 2016-08-24 13:01:41 +0200


Started GET "/assets/application.self-3b8dabdc891efe46b9a144b400ad69e37d7e5876bdc39dee783419a69d7ca819.js?body=1" for ::1 at 2016-08-24 13:01:41 +0200


Started GET "/assets/reviews.self-877aef30ae1b040ab8a3aba4e3e309a11d7f2612f44dde450b5c157aa5f95c05.js?body=1" for ::1 at 2016-08-24 13:01:41 +0200


Started GET "/" for ::1 at 2016-08-24 13:01:43 +0200
Processing by RestaurantsController#index as HTML
  [1m[36m (0.6ms)[0m  [1mSELECT COUNT(*) FROM "restaurants"[0m
  Rendered restaurants/index.html.erb within layouts/application (1.6ms)
Completed 200 OK in 29ms (Views: 27.7ms | ActiveRecord: 0.6ms)


Started GET "/assets/restaurants.self-a37fd5e74929d3205d24de1528aec96a058ed20b57f12e99e3db7ccd7c378997.css?body=1" for ::1 at 2016-08-24 13:01:43 +0200


Started GET "/assets/reviews.self-e3b0c44298fc1c149afbf4c8996fb92427ae41e4649b934ca495991b7852b855.css?body=1" for ::1 at 2016-08-24 13:01:43 +0200


Started GET "/assets/application.self-e80e8f2318043e8af94dddc2adad5a4f09739a8ebb323b3ab31cd71d45fd9113.css?body=1" for ::1 at 2016-08-24 13:01:43 +0200


Started GET "/assets/jquery_ujs.self-784a997f6726036b1993eb2217c9cb558e1cbb801c6da88105588c56f13b466a.js?body=1" for ::1 at 2016-08-24 13:01:44 +0200


Started GET "/assets/turbolinks.self-c5acd7a204f5f25ce7a1d8a0e4d92e28d34c9e2df2c7371cd7af88e147e4ad82.js?body=1" for ::1 at 2016-08-24 13:01:44 +0200


Started GET "/assets/restaurants.self-877aef30ae1b040ab8a3aba4e3e309a11d7f2612f44dde450b5c157aa5f95c05.js?body=1" for ::1 at 2016-08-24 13:01:44 +0200


Started GET "/assets/jquery.self-bd7ddd393353a8d2480a622e80342adf488fb6006d667e8b42e4c0073393abee.js?body=1" for ::1 at 2016-08-24 13:01:44 +0200


Started GET "/assets/reviews.self-877aef30ae1b040ab8a3aba4e3e309a11d7f2612f44dde450b5c157aa5f95c05.js?body=1" for ::1 at 2016-08-24 13:01:44 +0200


Started GET "/assets/application.self-3b8dabdc891efe46b9a144b400ad69e37d7e5876bdc39dee783419a69d7ca819.js?body=1" for ::1 at 2016-08-24 13:01:44 +0200


Started GET "/restaurants/new" for ::1 at 2016-08-24 13:01:46 +0200
Processing by RestaurantsController#new as HTML
  Rendered restaurants/new.html.erb within layouts/application (64.2ms)
Completed 200 OK in 107ms (Views: 89.6ms | ActiveRecord: 4.9ms)


Started POST "/restaurants" for ::1 at 2016-08-24 13:01:54 +0200
Processing by RestaurantsController#create as HTML
  Parameters: {"utf8"=>"✓", "authenticity_token"=>"U0EK1WLa4qebG3E2zwEnNuz1OHXHqp3CY6g475Xh5Cbt9qZVDdKiWtBhmOLCWH0iojU6KGRWWE3qc1ydiOXn4w==", "restaurant"=>{"name"=>"Hello"}, "commit"=>"Create Restaurant"}
  [1m[35m (0.1ms)[0m  BEGIN
  [1m[36mRestaurant Exists (2.0ms)[0m  [1mSELECT  1 AS one FROM "restaurants" WHERE "restaurants"."name" = 'Hello' LIMIT 1[0m
  [1m[35mSQL (6.9ms)[0m  INSERT INTO "restaurants" ("name", "created_at", "updated_at") VALUES ($1, $2, $3) RETURNING "id"  [["name", "Hello"], ["created_at", "2016-08-24 11:01:54.478994"], ["updated_at", "2016-08-24 11:01:54.478994"]]
  [1m[36m (11.6ms)[0m  [1mCOMMIT[0m
Redirected to http://localhost:3000/restaurants
Completed 302 Found in 37ms (ActiveRecord: 20.8ms)


Started GET "/restaurants" for ::1 at 2016-08-24 13:01:54 +0200
Processing by RestaurantsController#index as HTML
  [1m[35m (0.3ms)[0m  SELECT COUNT(*) FROM "restaurants"
  [1m[36mRestaurant Load (0.2ms)[0m  [1mSELECT "restaurants".* FROM "restaurants"[0m
  [1m[35mReview Exists (0.4ms)[0m  SELECT  1 AS one FROM "reviews" WHERE "reviews"."restaurant_id" = $1 LIMIT 1  [["restaurant_id", 1]]
  Rendered restaurants/index.html.erb within layouts/application (25.1ms)
Completed 200 OK in 45ms (Views: 42.5ms | ActiveRecord: 1.9ms)


Started GET "/restaurants" for ::1 at 2016-08-24 13:02:30 +0200
Processing by RestaurantsController#index as HTML
  [1m[36m (0.3ms)[0m  [1mSELECT COUNT(*) FROM "restaurants"[0m
  [1m[35mRestaurant Load (0.2ms)[0m  SELECT "restaurants".* FROM "restaurants"
  [1m[36mReview Exists (0.3ms)[0m  [1mSELECT  1 AS one FROM "reviews" WHERE "reviews"."restaurant_id" = $1 LIMIT 1[0m  [["restaurant_id", 1]]
  Rendered restaurants/index.html.erb within layouts/application (5.0ms)
Completed 200 OK in 28ms (Views: 27.0ms | ActiveRecord: 0.8ms)


Started GET "/assets/restaurants.self-a37fd5e74929d3205d24de1528aec96a058ed20b57f12e99e3db7ccd7c378997.css?body=1" for ::1 at 2016-08-24 13:02:30 +0200


Started GET "/assets/reviews.self-e3b0c44298fc1c149afbf4c8996fb92427ae41e4649b934ca495991b7852b855.css?body=1" for ::1 at 2016-08-24 13:02:30 +0200


Started GET "/assets/application.self-e80e8f2318043e8af94dddc2adad5a4f09739a8ebb323b3ab31cd71d45fd9113.css?body=1" for ::1 at 2016-08-24 13:02:30 +0200


Started GET "/assets/jquery.self-bd7ddd393353a8d2480a622e80342adf488fb6006d667e8b42e4c0073393abee.js?body=1" for ::1 at 2016-08-24 13:02:30 +0200


Started GET "/assets/jquery_ujs.self-784a997f6726036b1993eb2217c9cb558e1cbb801c6da88105588c56f13b466a.js?body=1" for ::1 at 2016-08-24 13:02:30 +0200


Started GET "/assets/turbolinks.self-c5acd7a204f5f25ce7a1d8a0e4d92e28d34c9e2df2c7371cd7af88e147e4ad82.js?body=1" for ::1 at 2016-08-24 13:02:30 +0200


Started GET "/assets/restaurants.self-877aef30ae1b040ab8a3aba4e3e309a11d7f2612f44dde450b5c157aa5f95c05.js?body=1" for ::1 at 2016-08-24 13:02:30 +0200


Started GET "/assets/reviews.self-877aef30ae1b040ab8a3aba4e3e309a11d7f2612f44dde450b5c157aa5f95c05.js?body=1" for ::1 at 2016-08-24 13:02:30 +0200


Started GET "/assets/application.self-3b8dabdc891efe46b9a144b400ad69e37d7e5876bdc39dee783419a69d7ca819.js?body=1" for ::1 at 2016-08-24 13:02:30 +0200


Started GET "/restaurants/1" for ::1 at 2016-08-24 13:02:34 +0200
Processing by RestaurantsController#show as HTML
  Parameters: {"id"=>"1"}
  [1m[35mRestaurant Load (0.5ms)[0m  SELECT  "restaurants".* FROM "restaurants" WHERE "restaurants"."id" = $1 LIMIT 1  [["id", 1]]
  Rendered restaurants/show.html.erb within layouts/application (0.8ms)
Completed 200 OK in 81ms (Views: 67.7ms | ActiveRecord: 0.5ms)


Started GET "/users/sign_in" for ::1 at 2016-08-24 13:02:45 +0200
Processing by Devise::SessionsController#new as HTML
  Rendered /Users/bartkluczynski/.rvm/gems/ruby-2.2.3/gems/devise-4.2.0/app/views/devise/shared/_links.html.erb (1.5ms)
  Rendered /Users/bartkluczynski/.rvm/gems/ruby-2.2.3/gems/devise-4.2.0/app/views/devise/sessions/new.html.erb within layouts/application (15.4ms)
Completed 200 OK in 63ms (Views: 42.8ms | ActiveRecord: 1.2ms)


Started GET "/users/sign_in" for ::1 at 2016-08-24 13:02:51 +0200
Processing by Devise::SessionsController#new as HTML
  Rendered /Users/bartkluczynski/.rvm/gems/ruby-2.2.3/gems/devise-4.2.0/app/views/devise/shared/_links.html.erb (0.4ms)
  Rendered /Users/bartkluczynski/.rvm/gems/ruby-2.2.3/gems/devise-4.2.0/app/views/devise/sessions/new.html.erb within layouts/application (4.5ms)
Completed 200 OK in 28ms (Views: 26.2ms | ActiveRecord: 0.0ms)


Started GET "/users/sign_up" for ::1 at 2016-08-24 13:03:07 +0200
Processing by Devise::RegistrationsController#new as HTML
  Rendered /Users/bartkluczynski/.rvm/gems/ruby-2.2.3/gems/devise-4.2.0/app/views/devise/shared/_links.html.erb (0.5ms)
  Rendered /Users/bartkluczynski/.rvm/gems/ruby-2.2.3/gems/devise-4.2.0/app/views/devise/registrations/new.html.erb within layouts/application (7.5ms)
Completed 200 OK in 53ms (Views: 51.5ms | ActiveRecord: 0.0ms)


Started POST "/users" for ::1 at 2016-08-24 13:03:30 +0200
Processing by Devise::RegistrationsController#create as HTML
  Parameters: {"utf8"=>"✓", "authenticity_token"=>"sV+DRYpNQnZWv5BLcmtaEW8aHoWe5SDS5zbtYxq87d8P6C/F5UUCix3FeZ9/MgAFIdoc2D0Z5V1u7YkRB7juGg==", "user"=>{"email"=>"new@gmail.com", "password"=>"[FILTERED]", "password_confirmation"=>"[FILTERED]"}, "commit"=>"Sign up"}
  [1m[36m (0.1ms)[0m  [1mBEGIN[0m
  [1m[35mUser Exists (2.2ms)[0m  SELECT  1 AS one FROM "users" WHERE "users"."email" = 'new@gmail.com' LIMIT 1
  [1m[36mSQL (1.5ms)[0m  [1mINSERT INTO "users" ("email", "encrypted_password", "created_at", "updated_at") VALUES ($1, $2, $3, $4) RETURNING "id"[0m  [["email", "new@gmail.com"], ["encrypted_password", "$2a$11$wSJRcedVG2YfFUFN2qTW4e.OCzE4uQLjxAYe72k16UPTPFw14ewq2"], ["created_at", "2016-08-24 11:03:30.557770"], ["updated_at", "2016-08-24 11:03:30.557770"]]
  [1m[35m (0.4ms)[0m  COMMIT
  [1m[36m (0.1ms)[0m  [1mBEGIN[0m
  [1m[35mSQL (0.7ms)[0m  UPDATE "users" SET "last_sign_in_at" = $1, "current_sign_in_at" = $2, "last_sign_in_ip" = $3, "current_sign_in_ip" = $4, "sign_in_count" = $5, "updated_at" = $6 WHERE "users"."id" = $7  [["last_sign_in_at", "2016-08-24 11:03:30.562411"], ["current_sign_in_at", "2016-08-24 11:03:30.562411"], ["last_sign_in_ip", "::1/128"], ["current_sign_in_ip", "::1/128"], ["sign_in_count", 1], ["updated_at", "2016-08-24 11:03:30.563721"], ["id", 1]]
  [1m[36m (0.4ms)[0m  [1mCOMMIT[0m
Redirected to http://localhost:3000/
Completed 302 Found in 181ms (ActiveRecord: 5.3ms)


Started GET "/" for ::1 at 2016-08-24 13:03:30 +0200
Processing by RestaurantsController#index as HTML
  [1m[35m (0.3ms)[0m  SELECT COUNT(*) FROM "restaurants"
  [1m[36mRestaurant Load (0.2ms)[0m  [1mSELECT "restaurants".* FROM "restaurants"[0m
  [1m[35mReview Exists (0.3ms)[0m  SELECT  1 AS one FROM "reviews" WHERE "reviews"."restaurant_id" = $1 LIMIT 1  [["restaurant_id", 1]]
  Rendered restaurants/index.html.erb within layouts/application (4.1ms)
Completed 200 OK in 26ms (Views: 24.6ms | ActiveRecord: 0.8ms)


Started GET "/" for ::1 at 2016-08-24 14:30:15 +0200
  [1m[36mActiveRecord::SchemaMigration Load (6.8ms)[0m  [1mSELECT "schema_migrations".* FROM "schema_migrations"[0m
Processing by RestaurantsController#index as HTML
  [1m[35m (0.5ms)[0m  SELECT COUNT(*) FROM "restaurants"
  [1m[36mRestaurant Load (0.2ms)[0m  [1mSELECT "restaurants".* FROM "restaurants"[0m
  [1m[35mReview Exists (0.7ms)[0m  SELECT  1 AS one FROM "reviews" WHERE "reviews"."restaurant_id" = $1 LIMIT 1  [["restaurant_id", 1]]
  Rendered restaurants/index.html.erb within layouts/application (50.3ms)
  [1m[36mUser Load (6.5ms)[0m  [1mSELECT  "users".* FROM "users" WHERE "users"."id" = $1  ORDER BY "users"."id" ASC LIMIT 1[0m  [["id", 1]]
Completed 200 OK in 496ms (Views: 458.1ms | ActiveRecord: 16.9ms)


Started GET "/assets/restaurants.self-a37fd5e74929d3205d24de1528aec96a058ed20b57f12e99e3db7ccd7c378997.css?body=1" for ::1 at 2016-08-24 14:30:16 +0200


Started GET "/assets/reviews.self-e3b0c44298fc1c149afbf4c8996fb92427ae41e4649b934ca495991b7852b855.css?body=1" for ::1 at 2016-08-24 14:30:16 +0200


Started GET "/assets/application.self-e80e8f2318043e8af94dddc2adad5a4f09739a8ebb323b3ab31cd71d45fd9113.css?body=1" for ::1 at 2016-08-24 14:30:16 +0200


Started GET "/assets/jquery.self-bd7ddd393353a8d2480a622e80342adf488fb6006d667e8b42e4c0073393abee.js?body=1" for ::1 at 2016-08-24 14:30:16 +0200


Started GET "/assets/jquery_ujs.self-784a997f6726036b1993eb2217c9cb558e1cbb801c6da88105588c56f13b466a.js?body=1" for ::1 at 2016-08-24 14:30:16 +0200


Started GET "/assets/turbolinks.self-c5acd7a204f5f25ce7a1d8a0e4d92e28d34c9e2df2c7371cd7af88e147e4ad82.js?body=1" for ::1 at 2016-08-24 14:30:16 +0200


Started GET "/assets/restaurants.self-877aef30ae1b040ab8a3aba4e3e309a11d7f2612f44dde450b5c157aa5f95c05.js?body=1" for ::1 at 2016-08-24 14:30:16 +0200


Started GET "/assets/application.self-14a03ab3cfd6c260fa5a46a7d5c427aec582c35f83e84ecc74265997229b598f.js?body=1" for ::1 at 2016-08-24 14:30:16 +0200


Started GET "/assets/reviews.self-877aef30ae1b040ab8a3aba4e3e309a11d7f2612f44dde450b5c157aa5f95c05.js?body=1" for ::1 at 2016-08-24 14:30:16 +0200


Started GET "/restaurants/1" for ::1 at 2016-08-24 14:30:18 +0200
Processing by RestaurantsController#show as HTML
  Parameters: {"id"=>"1"}
  [1m[35mRestaurant Load (0.2ms)[0m  SELECT  "restaurants".* FROM "restaurants" WHERE "restaurants"."id" = $1 LIMIT 1  [["id", 1]]
  Rendered restaurants/show.html.erb within layouts/application (0.9ms)
  [1m[36mUser Load (0.3ms)[0m  [1mSELECT  "users".* FROM "users" WHERE "users"."id" = $1  ORDER BY "users"."id" ASC LIMIT 1[0m  [["id", 1]]
Completed 200 OK in 100ms (Views: 92.7ms | ActiveRecord: 0.5ms)


Started DELETE "/users/sign_out" for ::1 at 2016-08-24 14:30:25 +0200
Processing by Devise::SessionsController#destroy as HTML
  Parameters: {"authenticity_token"=>"SyHSPjNpFs5e9U58MKOoXBCZUG0yOK9S3mPexV/Bmwf1ln6+XGFWMxWPp6g9+vJIXllSMJHEat1XuLq3QsWYwg=="}
  [1m[35mUser Load (0.3ms)[0m  SELECT  "users".* FROM "users" WHERE "users"."id" = $1  ORDER BY "users"."id" ASC LIMIT 1  [["id", 1]]
  [1m[36m (0.1ms)[0m  [1mBEGIN[0m
  [1m[35m (0.2ms)[0m  COMMIT
Redirected to http://localhost:3000/
Completed 302 Found in 27ms (ActiveRecord: 0.6ms)


Started GET "/" for ::1 at 2016-08-24 14:30:25 +0200
Processing by RestaurantsController#index as HTML
  [1m[36m (0.2ms)[0m  [1mSELECT COUNT(*) FROM "restaurants"[0m
  [1m[35mRestaurant Load (0.9ms)[0m  SELECT "restaurants".* FROM "restaurants"
  [1m[36mReview Exists (0.2ms)[0m  [1mSELECT  1 AS one FROM "reviews" WHERE "reviews"."restaurant_id" = $1 LIMIT 1[0m  [["restaurant_id", 1]]
  Rendered restaurants/index.html.erb within layouts/application (4.2ms)
Completed 200 OK in 41ms (Views: 39.4ms | ActiveRecord: 1.3ms)


Started GET "/users/sign_in" for ::1 at 2016-08-24 14:30:27 +0200
Processing by Devise::SessionsController#new as HTML
  Rendered /Users/bartkluczynski/.rvm/gems/ruby-2.2.3/gems/devise-4.2.0/app/views/devise/shared/_links.html.erb (1.7ms)
  Rendered /Users/bartkluczynski/.rvm/gems/ruby-2.2.3/gems/devise-4.2.0/app/views/devise/sessions/new.html.erb within layouts/application (61.5ms)
Completed 200 OK in 100ms (Views: 94.9ms | ActiveRecord: 0.0ms)


Started POST "/users/sign_in" for ::1 at 2016-08-24 14:30:29 +0200
Processing by Devise::SessionsController#create as HTML
  Parameters: {"utf8"=>"✓", "authenticity_token"=>"OBb6AJNZHcyshDpGhPgnHPOcWq4r/s4Yv+urvo39aKqvKtTkwvieLkTdUGV3hJDnPjfiTWN/34Se6MEEA+7U1w==", "user"=>{"email"=>"some@gmail.com", "password"=>"[FILTERED]", "remember_me"=>"0"}, "commit"=>"Log in"}
  [1m[35mUser Load (0.3ms)[0m  SELECT  "users".* FROM "users" WHERE "users"."email" = $1  ORDER BY "users"."id" ASC LIMIT 1  [["email", "some@gmail.com"]]
Completed 401 Unauthorized in 5ms (ActiveRecord: 0.3ms)
Processing by Devise::SessionsController#new as HTML
  Parameters: {"utf8"=>"✓", "authenticity_token"=>"OBb6AJNZHcyshDpGhPgnHPOcWq4r/s4Yv+urvo39aKqvKtTkwvieLkTdUGV3hJDnPjfiTWN/34Se6MEEA+7U1w==", "user"=>{"email"=>"some@gmail.com", "password"=>"[FILTERED]", "remember_me"=>"0"}, "commit"=>"Log in"}
  Rendered /Users/bartkluczynski/.rvm/gems/ruby-2.2.3/gems/devise-4.2.0/app/views/devise/shared/_links.html.erb (0.3ms)
  Rendered /Users/bartkluczynski/.rvm/gems/ruby-2.2.3/gems/devise-4.2.0/app/views/devise/sessions/new.html.erb within layouts/application (4.4ms)
Completed 200 OK in 166ms (Views: 23.1ms | ActiveRecord: 0.0ms)


Started POST "/users/sign_in" for ::1 at 2016-08-24 14:30:39 +0200
Processing by Devise::SessionsController#create as HTML
  Parameters: {"utf8"=>"✓", "authenticity_token"=>"mJMjDAryxFV1deF6wnrOjmf0m/J06xldZVDvPBwcRwIPrw3oW1NHt50si1kxBnl1ql8jETxqCMFEU4WGkg/7fw==", "user"=>{"email"=>"some@gmail.com", "password"=>"[FILTERED]", "remember_me"=>"0"}, "commit"=>"Log in"}
  [1m[36mUser Load (0.4ms)[0m  [1mSELECT  "users".* FROM "users" WHERE "users"."email" = $1  ORDER BY "users"."id" ASC LIMIT 1[0m  [["email", "some@gmail.com"]]
Completed 401 Unauthorized in 4ms (ActiveRecord: 0.4ms)
Processing by Devise::SessionsController#new as HTML
  Parameters: {"utf8"=>"✓", "authenticity_token"=>"mJMjDAryxFV1deF6wnrOjmf0m/J06xldZVDvPBwcRwIPrw3oW1NHt50si1kxBnl1ql8jETxqCMFEU4WGkg/7fw==", "user"=>{"email"=>"some@gmail.com", "password"=>"[FILTERED]", "remember_me"=>"0"}, "commit"=>"Log in"}
  Rendered /Users/bartkluczynski/.rvm/gems/ruby-2.2.3/gems/devise-4.2.0/app/views/devise/shared/_links.html.erb (0.3ms)
  Rendered /Users/bartkluczynski/.rvm/gems/ruby-2.2.3/gems/devise-4.2.0/app/views/devise/sessions/new.html.erb within layouts/application (4.1ms)
Completed 200 OK in 157ms (Views: 21.4ms | ActiveRecord: 0.0ms)


Started GET "/users/sign_in" for ::1 at 2016-08-24 14:30:44 +0200
Processing by Devise::SessionsController#new as HTML
  Rendered /Users/bartkluczynski/.rvm/gems/ruby-2.2.3/gems/devise-4.2.0/app/views/devise/shared/_links.html.erb (1.1ms)
  Rendered /Users/bartkluczynski/.rvm/gems/ruby-2.2.3/gems/devise-4.2.0/app/views/devise/sessions/new.html.erb within layouts/application (7.2ms)
Completed 200 OK in 63ms (Views: 60.8ms | ActiveRecord: 0.0ms)


Started GET "/users/sign_up" for ::1 at 2016-08-24 14:30:47 +0200
Processing by Devise::RegistrationsController#new as HTML
  Rendered /Users/bartkluczynski/.rvm/gems/ruby-2.2.3/gems/devise-4.2.0/app/views/devise/shared/_links.html.erb (0.6ms)
  Rendered /Users/bartkluczynski/.rvm/gems/ruby-2.2.3/gems/devise-4.2.0/app/views/devise/registrations/new.html.erb within layouts/application (12.8ms)
Completed 200 OK in 69ms (Views: 67.4ms | ActiveRecord: 0.0ms)


Started POST "/users" for ::1 at 2016-08-24 14:30:58 +0200
Processing by Devise::RegistrationsController#create as HTML
  Parameters: {"utf8"=>"✓", "authenticity_token"=>"EFCjC5N+mVX7Oljg7M/alQ8FUCM2lpJNJhZ974eLIzaHbI3vwt8atxNjMsMfs21uwq7owH4Xg9EHFRdVCZifSw==", "user"=>{"email"=>"bart@gmail.com", "password"=>"[FILTERED]", "password_confirmation"=>"[FILTERED]"}, "commit"=>"Sign up"}
  [1m[35m (0.1ms)[0m  BEGIN
  [1m[36mUser Exists (0.3ms)[0m  [1mSELECT  1 AS one FROM "users" WHERE "users"."email" = 'bart@gmail.com' LIMIT 1[0m
  [1m[35mSQL (0.3ms)[0m  INSERT INTO "users" ("email", "encrypted_password", "created_at", "updated_at") VALUES ($1, $2, $3, $4) RETURNING "id"  [["email", "bart@gmail.com"], ["encrypted_password", "$2a$11$gy/9U8ShUjzO65R2QpTP4u7/pc2mxzBbmddQhkFHM8LWuT84N5utm"], ["created_at", "2016-08-24 12:30:58.278389"], ["updated_at", "2016-08-24 12:30:58.278389"]]
  [1m[36m (1.9ms)[0m  [1mCOMMIT[0m
  [1m[35m (0.2ms)[0m  BEGIN
  [1m[36mSQL (0.3ms)[0m  [1mUPDATE "users" SET "last_sign_in_at" = $1, "current_sign_in_at" = $2, "last_sign_in_ip" = $3, "current_sign_in_ip" = $4, "sign_in_count" = $5, "updated_at" = $6 WHERE "users"."id" = $7[0m  [["last_sign_in_at", "2016-08-24 12:30:58.282698"], ["current_sign_in_at", "2016-08-24 12:30:58.282698"], ["last_sign_in_ip", "::1/128"], ["current_sign_in_ip", "::1/128"], ["sign_in_count", 1], ["updated_at", "2016-08-24 12:30:58.283561"], ["id", 2]]
  [1m[35m (0.3ms)[0m  COMMIT
Redirected to http://localhost:3000/
Completed 302 Found in 155ms (ActiveRecord: 3.5ms)


Started GET "/" for ::1 at 2016-08-24 14:30:58 +0200
Processing by RestaurantsController#index as HTML
  [1m[36m (0.2ms)[0m  [1mSELECT COUNT(*) FROM "restaurants"[0m
  [1m[35mRestaurant Load (1.4ms)[0m  SELECT "restaurants".* FROM "restaurants"
  [1m[36mReview Exists (0.3ms)[0m  [1mSELECT  1 AS one FROM "reviews" WHERE "reviews"."restaurant_id" = $1 LIMIT 1[0m  [["restaurant_id", 1]]
  Rendered restaurants/index.html.erb within layouts/application (5.3ms)
  [1m[35mUser Load (0.3ms)[0m  SELECT  "users".* FROM "users" WHERE "users"."id" = $1  ORDER BY "users"."id" ASC LIMIT 1  [["id", 2]]
Completed 200 OK in 28ms (Views: 25.4ms | ActiveRecord: 2.3ms)


Started GET "/restaurants/new" for ::1 at 2016-08-24 14:31:07 +0200
Processing by RestaurantsController#new as HTML
  Rendered restaurants/new.html.erb within layouts/application (3.9ms)
  [1m[36mUser Load (1.1ms)[0m  [1mSELECT  "users".* FROM "users" WHERE "users"."id" = $1  ORDER BY "users"."id" ASC LIMIT 1[0m  [["id", 2]]
Completed 200 OK in 51ms (Views: 48.0ms | ActiveRecord: 1.1ms)


Started POST "/restaurants" for ::1 at 2016-08-24 14:31:12 +0200
Processing by RestaurantsController#create as HTML
  Parameters: {"utf8"=>"✓", "authenticity_token"=>"7xIZM5lDJ4UWS8tr/1C57yrjxRBdkDywW3g07PhDlQZ4LjfXyOKkZ/4SoUgMLA4U50h98xURLSx6e15WdlApew==", "restaurant"=>{"name"=>"Restaurant "}, "commit"=>"Create Restaurant"}
  [1m[35m (0.1ms)[0m  BEGIN
  [1m[36mRestaurant Exists (0.3ms)[0m  [1mSELECT  1 AS one FROM "restaurants" WHERE "restaurants"."name" = 'Restaurant ' LIMIT 1[0m
  [1m[35mSQL (0.2ms)[0m  INSERT INTO "restaurants" ("name", "created_at", "updated_at") VALUES ($1, $2, $3) RETURNING "id"  [["name", "Restaurant "], ["created_at", "2016-08-24 12:31:12.335394"], ["updated_at", "2016-08-24 12:31:12.335394"]]
  [1m[36m (0.3ms)[0m  [1mCOMMIT[0m
Redirected to http://localhost:3000/restaurants
Completed 302 Found in 5ms (ActiveRecord: 1.0ms)


Started GET "/restaurants" for ::1 at 2016-08-24 14:31:12 +0200
Processing by RestaurantsController#index as HTML
  [1m[35m (0.3ms)[0m  SELECT COUNT(*) FROM "restaurants"
  [1m[36mRestaurant Load (0.4ms)[0m  [1mSELECT "restaurants".* FROM "restaurants"[0m
  [1m[35mReview Exists (0.3ms)[0m  SELECT  1 AS one FROM "reviews" WHERE "reviews"."restaurant_id" = $1 LIMIT 1  [["restaurant_id", 1]]
  [1m[36mReview Exists (0.3ms)[0m  [1mSELECT  1 AS one FROM "reviews" WHERE "reviews"."restaurant_id" = $1 LIMIT 1[0m  [["restaurant_id", 2]]
  Rendered restaurants/index.html.erb within layouts/application (6.1ms)
  [1m[35mUser Load (0.3ms)[0m  SELECT  "users".* FROM "users" WHERE "users"."id" = $1  ORDER BY "users"."id" ASC LIMIT 1  [["id", 2]]
Completed 200 OK in 27ms (Views: 24.9ms | ActiveRecord: 1.7ms)
